<?xml version="1.0" encoding="UTF-8"?>
<!-- Generated by org.testng.reporters.JUnitReportReporter -->
<testsuite hostname="DESKTOP-RCJQTGO" failures="0" tests="5" name="testingGoogleSearch.TestSearching" time="8.514" errors="0" timestamp="23 Nov 2021 05:16:17 GMT" skipped="0">
  <testcase classname="testingGoogleSearch.TestSearching" name="verifyGoogleTitle" time="0.015"/>
  <testcase classname="testingGoogleSearch.TestSearching" name="verifyGoogleEmptySearch" time="0.129"/>
  <testcase classname="testingGoogleSearch.TestSearching" name="percentageSignTest" time="2.714"/>
  <testcase classname="testingGoogleSearch.TestSearching" name="afterSearchLogoTest" time="1.701"/>
  <testcase classname="testingGoogleSearch.TestSearching" name="verifyGoogleAutoSuggestions" time="3.955"/>
</testsuite> <!-- testingGoogleSearch.TestSearching -->
