<?xml version="1.0" encoding="UTF-8"?>
<!-- Generated by org.testng.reporters.JUnitReportReporter -->
<testsuite hostname="DESKTOP-RCJQTGO" failures="0" tests="5" name="testingGoogleSearch.TestSearching" time="6.789" errors="0" timestamp="07 Dec 2021 17:14:16 GMT" skipped="0">
  <testcase classname="testingGoogleSearch.TestSearching" name="verifyGoogleTitle" time="0.015"/>
  <testcase classname="testingGoogleSearch.TestSearching" name="verifyGoogleEmptySearch" time="0.138"/>
  <testcase classname="testingGoogleSearch.TestSearching" name="percentageSignTest" time="2.161"/>
  <testcase classname="testingGoogleSearch.TestSearching" name="afterSearchLogoTest" time="2.375"/>
  <testcase classname="testingGoogleSearch.TestSearching" name="verifyGoogleAutoSuggestions" time="2.100"/>
</testsuite> <!-- testingGoogleSearch.TestSearching -->
