<?xml version="1.0" encoding="UTF-8"?>
<!-- Generated by org.testng.reporters.JUnitReportReporter -->
<testsuite hostname="DESKTOP-RCJQTGO" failures="0" tests="5" name="SingletoneTest.TestSearching" time="9.461" errors="0" timestamp="23 Nov 2021 05:08:12 GMT" skipped="0">
  <testcase classname="SingletoneTest.TestSearching" name="verifyGoogleTitle" time="0.015"/>
  <testcase classname="SingletoneTest.TestSearching" name="verifyGoogleEmptySearch" time="0.132"/>
  <testcase classname="SingletoneTest.TestSearching" name="percentageSignTest" time="2.963"/>
  <testcase classname="SingletoneTest.TestSearching" name="afterSearchLogoTest" time="2.339"/>
  <testcase classname="SingletoneTest.TestSearching" name="verifyGoogleAutoSuggestions" time="4.012"/>
</testsuite> <!-- SingletoneTest.TestSearching -->
