<?xml version="1.0" encoding="UTF-8"?>
<!-- Generated by org.testng.reporters.JUnitReportReporter -->
<testsuite hostname="DESKTOP-RCJQTGO" failures="0" tests="5" name="SingletoneTest.TestSearching" time="7.596" errors="0" timestamp="23 Nov 2021 03:37:29 GMT" skipped="0">
  <testcase classname="SingletoneTest.TestSearching" name="verifyGoogleTitle" time="0.017"/>
  <testcase classname="SingletoneTest.TestSearching" name="verifyGoogleEmptySearch" time="0.138"/>
  <testcase classname="SingletoneTest.TestSearching" name="percentageSignTest" time="2.114"/>
  <testcase classname="SingletoneTest.TestSearching" name="afterSearchLogoTest" time="1.564"/>
  <testcase classname="SingletoneTest.TestSearching" name="verifyGoogleAutoSuggestions" time="3.763"/>
</testsuite> <!-- SingletoneTest.TestSearching -->
